<?xml version="1.0" encoding="UTF-8"?>
<!-- Generated by org.testng.reporters.JUnitReportReporter -->
<testsuite skipped="0" hostname="DESKTOP-86N1T3I" name="Runner.TestRunner" tests="3" failures="0" timestamp="2021-05-08T21:09:29 IST" time="18.575" errors="0">
  <testcase name="runScenario" time="2.268" classname="Runner.TestRunner"/>
  <system-out/>
  <testcase name="runScenario" time="13.739" classname="Runner.TestRunner"/>
  <system-out/>
  <testcase name="runScenario" time="2.568" classname="Runner.TestRunner"/>
  <system-out/>
</testsuite> <!-- Runner.TestRunner -->
