<?xml version="1.0" encoding="UTF-8"?>
<!-- Generated by org.testng.reporters.JUnitReportReporter -->
<testsuite skipped="0" hostname="DESKTOP-86N1T3I" name="parallel.TestRunner" tests="4" failures="0" timestamp="2021-05-12T03:23:01 IST" time="77.052" errors="0">
  <testcase name="runScenario" time="19.062" classname="parallel.TestRunner"/>
  <system-out/>
  <testcase name="runScenario" time="19.331" classname="parallel.TestRunner"/>
  <system-out/>
  <testcase name="runScenario" time="19.597" classname="parallel.TestRunner"/>
  <system-out/>
  <testcase name="runScenario" time="19.062" classname="parallel.TestRunner"/>
  <system-out/>
</testsuite> <!-- parallel.TestRunner -->
